2026-06-11 22:41:58 [train] INFO: Загружаем датасет...
2026-06-11 22:41:58 [train] INFO: Классы: ['Սպорտ', 'Քաղաքական']
2026-06-11 22:41:58 [train] INFO: Размер датасета: 600 примеров
2026-06-11 22:41:58 [train] INFO: Train: 480 | Test: 120
2026-06-11 22:41:58 [train] INFO: ═══ Baseline: TF-IDF + Logistic Regression ═══
2026-06-11 22:41:59 [train] INFO: CV F1-macro: 0.5460 ± 0.0411
2026-06-11 22:41:59 [train] INFO: Test Accuracy: 0.6667
2026-06-11 22:41:59 [train] INFO: Test F1-macro: 0.6250
2026-06-11 22:41:59 [train] INFO: Модель сохранена: models\baseline_pipeline.pkl
2026-06-11 22:41:59 [train] INFO: 
═══ Тест предсказаний ═══
2026-06-11 22:41:59 [train] INFO:   «Հայաստանի հավաքականը հաղթեց ֆուտբոլային …»  → Սպорտ (88.46%)
2026-06-11 22:41:59 [train] INFO:   «Կառավարությունը նոր որոշում կայացրեց…»  → Սպорտ (60.09%)
2026-06-11 22:41:59 [train] INFO:   «Ռոնալդոն գոլ խփեց Եվրոպայի չեմպիոնությու…»  → Սպорտ (68.83%)
2026-06-11 22:41:59 [train] INFO:   «Ազգային ժողովն ընդունեց նոր օրենք…»  → Սպорտ (72.21%)
2026-06-11 22:41:59 [train] INFO: ═══ Обучение завершено ═══
2026-06-11 23:05:45 [train] INFO: Загружаем датасет...
2026-06-11 23:05:45 [train] INFO: Классы: ['Սպորտ', 'Քաղաքական']
2026-06-11 23:05:45 [train] INFO: Размер датасета: 215 примеров
2026-06-11 23:05:45 [train] INFO: Train: 172 | Test: 43
2026-06-11 23:05:45 [train] INFO: ═══ Baseline: TF-IDF + Logistic Regression ═══
2026-06-11 23:05:48 [train] INFO: CV F1-macro: 0.9768 ± 0.0285
2026-06-11 23:05:49 [train] INFO: Test Accuracy: 0.9767
2026-06-11 23:05:49 [train] INFO: Test F1-macro: 0.9767
2026-06-11 23:05:49 [train] INFO: Модель сохранена: models\baseline_pipeline.pkl
2026-06-11 23:05:53 [train] INFO: ═══ Advanced: TF-IDF + XGBoost ═══
2026-06-11 23:06:38 [train] INFO: Загружаем датасет...
2026-06-11 23:06:38 [train] INFO: Классы: ['Սպորտ', 'Քաղաքական']
2026-06-11 23:06:38 [train] INFO: Размер датасета: 215 примеров
2026-06-11 23:06:38 [train] INFO: Train: 172 | Test: 43
2026-06-11 23:06:38 [train] INFO: ═══ Baseline: TF-IDF + Logistic Regression ═══
2026-06-11 23:06:41 [train] INFO: CV F1-macro: 0.9768 ± 0.0285
2026-06-11 23:06:41 [train] INFO: Test Accuracy: 0.9767
2026-06-11 23:06:41 [train] INFO: Test F1-macro: 0.9767
2026-06-11 23:06:41 [train] INFO: Модель сохранена: models\baseline_pipeline.pkl
2026-06-11 23:06:42 [train] INFO: ═══ Advanced: TF-IDF + XGBoost ═══
2026-06-11 23:07:11 [train] INFO: Загружаем датасет...
2026-06-11 23:07:11 [train] INFO: Классы: ['Սպորտ', 'Քաղաքական']
2026-06-11 23:07:11 [train] INFO: Размер датасета: 215 примеров
2026-06-11 23:07:11 [train] INFO: Train: 172 | Test: 43
2026-06-11 23:07:11 [train] INFO: ═══ Baseline: TF-IDF + Logistic Regression ═══
2026-06-11 23:07:14 [train] INFO: CV F1-macro: 0.9768 ± 0.0285
2026-06-11 23:07:15 [train] INFO: Test Accuracy: 0.9767
2026-06-11 23:07:15 [train] INFO: Test F1-macro: 0.9767
2026-06-11 23:07:15 [train] INFO: Модель сохранена: models\baseline_pipeline.pkl
2026-06-11 23:07:15 [train] INFO: 
═══ Тест предсказаний ═══
2026-06-11 23:07:15 [train] INFO:   «Հայաստանի հավաքականը հաղթեց ֆուտբոլային …»  → Սպորտ (86.82%)
2026-06-11 23:07:15 [train] INFO:   «Կառավարությունը նոր որոշում կայացրեց…»  → Սպորտ (59.81%)
2026-06-11 23:07:15 [train] INFO:   «Ռոնալդոն գոլ խփեց Եվրոպայի չեմպիոնությու…»  → Սպորտ (73.82%)
2026-06-11 23:07:15 [train] INFO:   «Ազգային ժողովն ընդունեց նոր օրենք…»  → Սպորտ (59.67%)
2026-06-11 23:07:15 [train] INFO: ═══ Обучение завершено ═══
